<?xml version="1.0" encoding="UTF-8"?>
<testsuite name="ru.itmo.simplecli.executor.PipedCommandFactoryTest" tests="1" skipped="0" failures="0" errors="0" timestamp="2022-04-13T00:50:24" hostname="elisey999" time="0.029">
  <properties/>
  <testcase name="testPipe()" classname="ru.itmo.simplecli.executor.PipedCommandFactoryTest" time="0.029"/>
  <system-out><![CDATA[]]></system-out>
  <system-err><![CDATA[]]></system-err>
</testsuite>
